%!Adobe-FontList 1.19
%Locale:0x419

%BeginFont
Handler:DirectoryHandler
FontType:TrueType
FontName:Lato-Black
FamilyName:Lato
StyleName:Black
FullName:Lato Black
MenuName:Lato Black
StyleBits:0
WritingScript:Roman
OutlineFileName:C:\Users\Admin\Desktop\Урок8\Home\Hiking\Font\Lato-Black.ttf
DataFormat:sfntData
hasSVG:no
VariableFontType:NonVariableFont
FileLength:114588
FileModTime:1292356800
WeightClass:900
WidthClass:5
AngleClass:0
NameArray:0,Mac,4,Lato Black
NameArray:0,Win,1,Lato Black
NameArray:0,Win,16,Lato
%EndFont

%BeginFont
Handler:DirectoryHandler
FontType:Invalid
OutlineFileName:C:\Users\Admin\Desktop\Урок8\Home\Hiking\Font\lato-black.woff2
FileModTime:1549562655
%EndFont

%BeginFont
Handler:DirectoryHandler
FontType:TrueType
FontName:Lato-Bold
FamilyName:Lato
StyleName:Bold
FullName:Lato Bold
MenuName:Lato
StyleBits:2
WritingScript:Roman
OutlineFileName:C:\Users\Admin\Desktop\Урок8\Home\Hiking\Font\Lato-Bold.ttf
DataFormat:sfntData
hasSVG:no
VariableFontType:NonVariableFont
FileLength:121788
FileModTime:1292356800
WeightClass:700
WidthClass:5
AngleClass:0
NameArray:0,Mac,4,Lato Bold
NameArray:0,Win,1,Lato
%EndFont

%BeginFont
Handler:DirectoryHandler
FontType:Invalid
OutlineFileName:C:\Users\Admin\Desktop\Урок8\Home\Hiking\Font\lato-bold.woff2
FileModTime:1549562810
%EndFont

%BeginFont
Handler:DirectoryHandler
FontType:TrueType
FontName:Lato-Light
FamilyName:Lato
StyleName:Light
FullName:Lato-Light
MenuName:Lato Light
StyleBits:0
WritingScript:Roman
OutlineFileName:C:\Users\Admin\Desktop\Урок8\Home\Hiking\Font\Lato-Light.ttf
DataFormat:sfntData
hasSVG:no
VariableFontType:NonVariableFont
FileLength:122524
FileModTime:1292356800
WeightClass:300
WidthClass:5
AngleClass:0
NameArray:0,Mac,4,Lato Light
NameArray:0,Win,1,Lato Light
NameArray:0,Win,16,Lato
%EndFont

%BeginFont
Handler:DirectoryHandler
FontType:Invalid
OutlineFileName:C:\Users\Admin\Desktop\Урок8\Home\Hiking\Font\lato-light.woff2
FileModTime:1549562778
%EndFont

%BeginFont
Handler:DirectoryHandler
FontType:TrueType
FontName:SourceSansPro-Regular
FamilyName:Source Sans Pro
StyleName:Regular
FullName:Source Sans Pro Regular
MenuName:Source Sans Pro
StyleBits:0
WritingScript:Roman
OutlineFileName:C:\Users\Admin\Desktop\Урок8\Home\Hiking\Font\SourceSansPro-Regular.ttf
DataFormat:sfntData
hasSVG:no
VariableFontType:NonVariableFont
FileLength:293516
FileModTime:1343678400
WeightClass:400
WidthClass:5
AngleClass:0
DesignSize:100
NameArray:0,Mac,4,Source Sans Pro Regular
NameArray:0,Win,1,Source Sans Pro
%EndFont

